[2016-09-26 02:46:01 setOption]
PATH => /containers/json?all=1&before=8dfafdbc3a40&size=1
PARAMS => array (
)
[2016-09-26 02:46:01 发送数据]
DATA => GET /containers/json?all=1&before=8dfafdbc3a40&size=1 HTTP/1.0
Host: localhost
Accept: */*


[2016-09-26 02:46:01 接收原始数据]
DATA => HTTP/1.0 200 OK
Content-Type: application/json
Date: Sun, 25 Sep 2016 18:46:01 GMT
Server: Docker/1.12.1 (linux)

[{"Id":"33722d83584d9265e8cda4f23bb62610f506382ff1a9ac7017f5e0d79f4d773b","Names":["/admiring_goldberg"],"Image":"ubuntu","ImageID":"sha256:45bc58500fa3d3c0d67233d4a7798134b46b486af1389ca87000c543f46c3d24","Command":" date","Created":1474825873,"Ports":[],"SizeRootFs":126872298,"Labels":{},"State":"created","Status":"Created","HostConfig":{"NetworkMode":"default"},"NetworkSettings":{"Networks":{"bridge":{"IPAMConfig":null,"Links":null,"Aliases":null,"NetworkID":"","EndpointID":"","Gateway":"","IPAddress":"","IPPrefixLen":0,"IPv6Gateway":"","GlobalIPv6Address":"","GlobalIPv6PrefixLen":0,"MacAddress":""}}},"Mounts":[{"Name":"d36f7d7d600e204623683f0aa76d3c0bc03bd2062601e37f259c4ac85043fb45","Source":"/var/lib/docker/volumes/d36f7d7d600e204623683f0aa76d3c0bc03bd2062601e37f259c4ac85043fb45/_data","Destination":"/volumes/data","Driver":"local","Mode":"","RW":true,"Propagation":""}]},{"Id":"ab0643bfd47eea192754595f93aa2645fc311fca874b516954c6aea33c377126","Names":["/happy_poincare"],"Image":"ubuntu","ImageID":"sha256:45bc58500fa3d3c0d67233d4a7798134b46b486af1389ca87000c543f46c3d24","Command":" date","Created":1474825834,"Ports":[],"SizeRootFs":126872298,"Labels":{},"State":"created","Status":"Created","HostConfig":{"NetworkMode":"default"},"NetworkSettings":{"Networks":{"bridge":{"IPAMConfig":null,"Links":null,"Aliases":null,"NetworkID":"","EndpointID":"","Gateway":"","IPAddress":"","IPPrefixLen":0,"IPv6Gateway":"","GlobalIPv6Address":"","GlobalIPv6PrefixLen":0,"MacAddress":""}}},"Mounts":[{"Name":"7e9fb4bad4364f6c054ce05ae5503e13fafaa325a26abe6cc9275feb22c04856","Source":"/var/lib/docker/volumes/7e9fb4bad4364f6c054ce05ae5503e13fafaa325a26abe6cc9275feb22c04856/_data","Destination":"/volumes/data","Driver":"local","Mode":"","RW":true,"Propagation":""}]},{"Id":"7d2f4f953a02c6738ddcfc356dc53b350a4bc4a545fcb6638bda5d47fbdf3e77","Names":["/hopeful_bhabha"],"Image":"ubuntu","ImageID":"sha256:45bc58500fa3d3c0d67233d4a7798134b46b486af1389ca87000c543f46c3d24","Command":" date","Created":1474825792,"Ports":[],"SizeRootFs":126872298,"Labels":{},"State":"created","Status":"Created","HostConfig":{"NetworkMode":"default"},"NetworkSettings":{"Networks":{"bridge":{"IPAMConfig":null,"Links":null,"Aliases":null,"NetworkID":"","EndpointID":"","Gateway":"","IPAddress":"","IPPrefixLen":0,"IPv6Gateway":"","GlobalIPv6Address":"","GlobalIPv6PrefixLen":0,"MacAddress":""}}},"Mounts":[{"Name":"b136db345583026f60a9506fcdb5611d935ce06e6921cc28a5123f381564c461","Source":"/var/lib/docker/volumes/b136db345583026f60a9506fcdb5611d935ce06e6921cc28a5123f381564c461/_data","Destination":"/volumes/data","Driver":"local","Mode":"","RW":true,"Propagation":""}]},{"Id":"0a322d952586ca030384ac58ff6cf5202618e431b9bb976238a553175749194d","Names":["/big_shannon"],"Image":"ubuntu","ImageID":"sha256:45bc58500fa3d3c0d67233d4a7798134b46b486af1389ca87000c543f46c3d24","Command":" date","Created":1474825525,"Ports":[],"SizeRootFs":126872298,"Labels":{},"State":"created","Status":"Created","HostConfig":{"NetworkMode":"default"},"NetworkSettings":{"Networks":{"bridge":{"IPAMConfig":null,"Links":null,"Aliases":null,"NetworkID":"","EndpointID":"","Gateway":"","IPAddress":"","IPPrefixLen":0,"IPv6Gateway":"","GlobalIPv6Address":"","GlobalIPv6PrefixLen":0,"MacAddress":""}}},"Mounts":[{"Name":"015764d6c70975625d4f97dff3bb5833ed18db49cc9e0c6bd45b3c62d03cea68","Source":"/var/lib/docker/volumes/015764d6c70975625d4f97dff3bb5833ed18db49cc9e0c6bd45b3c62d03cea68/_data","Destination":"/volumes/data","Driver":"local","Mode":"","RW":true,"Propagation":""}]},{"Id":"a53be665b515c91a84c01e130d722e34a115b7330d524550663ee7291873a038","Names":["/tender_gates"],"Image":"ubuntu","ImageID":"sha256:45bc58500fa3d3c0d67233d4a7798134b46b486af1389ca87000c543f46c3d24","Command":" date","Created":1474825332,"Ports":[],"SizeRootFs":126872298,"Labels":{},"State":"created","Status":"Created","HostConfig":{"NetworkMode":"default"},"NetworkSettings":{"Networks":{"bridge":{"IPAMConfig":null,"Links":null,"Aliases":null,"NetworkID":"","EndpointID":"","Gateway":"","IPAddress":"","IPPrefixLen":0,"IPv6Gateway":"","GlobalIPv6Address":"","GlobalIPv6PrefixLen":0,"MacAddress":""}}},"Mounts":[{"Name":"de74174dd3f348557b63ebeccd839f2bd3f47e5e0d81f4308349343de2d0c36e","Source":"/var/lib/docker/volumes/de74174dd3f348557b63ebeccd839f2bd3f47e5e0d81f4308349343de2d0c36e/_data","Destination":"/volumes/data","Driver":"local","Mode":"","RW":true,"Propagation":""}]},{"Id":"2a4fddda9fec9a1878f99e53cea7007cf4ae3851956e603519e151a27b2ab36a","Names":["/naughty_almeida"],"Image":"ubuntu","ImageID":"sha256:45bc58500fa3d3c0d67233d4a7798134b46b486af1389ca87000c543f46c3d24","Command":" date","Created":1474824323,"Ports":[],"SizeRootFs":126872298,"Labels":{},"State":"created","Status":"Created","HostConfig":{"NetworkMode":"default"},"NetworkSettings":{"Networks":{"bridge":{"IPAMConfig":null,"Links":null,"Aliases":null,"NetworkID":"","EndpointID":"","Gateway":"","IPAddress":"","IPPrefixLen":0,"IPv6Gateway":"","GlobalIPv6Address":"","GlobalIPv6PrefixLen":0,"MacAddress":""}}},"Mounts":[{"Name":"9d4eef932ce7d3577960e780a2b4f5142b33d53f05f02d23635decf0732a1e3f","Source":"/var/lib/docker/volumes/9d4eef932ce7d3577960e780a2b4f5142b33d53f05f02d23635decf0732a1e3f/_data","Destination":"/volumes/data","Driver":"local","Mode":"","RW":true,"Propagation":""}]},{"Id":"c6698adcd295910d873bf08c8ac0f207174c5fa3dc37b70e72a0ab5684772348","Names":["/registry"],"Image":"registry:2","ImageID":"sha256:541a6732eadb598740116d1f5d18806ea3404aab8710789c9b5c86a53d1945f2","Command":"/entrypoint.sh /etc/docker/registry/config.yml","Created":1474773565,"Ports":[{"IP":"0.0.0.0","PrivatePort":5000,"PublicPort":5000,"Type":"tcp"},{"IP":"0.0.0.0","PrivatePort":5001,"PublicPort":5001,"Type":"tcp"}],"SizeRootFs":33297474,"Labels":{},"State":"running","Status":"Up About an hour","HostConfig":{"NetworkMode":"default"},"NetworkSettings":{"Networks":{"bridge":{"IPAMConfig":null,"Links":null,"Aliases":null,"NetworkID":"2d55235114008acbfcfd699f80ab9d7f9fb286952f91de18446154b6e0fa9a85","EndpointID":"29606141d37f8bddeec70048506877d3d0322cee74083794060f3715931d6cdf","Gateway":"172.17.0.1","IPAddress":"172.17.0.2","IPPrefixLen":16,"IPv6Gateway":"","GlobalIPv6Address":"","GlobalIPv6PrefixLen":0,"MacAddress":"02:42:ac:11:00:02"}}},"Mounts":[{"Source":"/Users/widuu/config.yml","Destination":"/etc/docker/registry/config.yml","Mode":"","RW":true,"Propagation":"rprivate"},{"Source":"/Users/widuu/data","Destination":"/var/lib/registry","Mode":"","RW":true,"Propagation":"rprivate"}]}]

[2016-09-26 02:48:36 setOption]
PATH => /containers/c6698adcd295/export?
PARAMS => array (
)
[2016-09-26 02:48:36 请求数据]
DATA => GET /containers/c6698adcd295/export HTTP/1.0
Host: localhost
Accept: */*


[2016-09-26 02:48:38 接收数据]
DATA => STREAM FILE
[2016-09-26 02:49:03 setOption]
PATH => /containers/c6698adcd295/export?
PARAMS => array (
)
[2016-09-26 02:49:03 请求数据]
DATA => GET /containers/c6698adcd295/export HTTP/1.0
Host: localhost
Accept: */*


[2016-09-26 02:49:05 接收数据]
DATA => STREAM FILE
[2016-09-26 02:49:24 setOption]
PATH => /containers/json?all=1&before=8dfafdbc3a40&size=1
PARAMS => array (
)
[2016-09-26 02:49:24 请求数据]
DATA => GET /containers/json?all=1&before=8dfafdbc3a40&size=1 HTTP/1.0
Host: localhost
Accept: */*


[2016-09-26 02:49:24 接收数据]
DATA => HTTP/1.0 200 OK
Content-Type: application/json
Date: Sun, 25 Sep 2016 18:49:24 GMT
Server: Docker/1.12.1 (linux)

[{"Id":"33722d83584d9265e8cda4f23bb62610f506382ff1a9ac7017f5e0d79f4d773b","Names":["/admiring_goldberg"],"Image":"ubuntu","ImageID":"sha256:45bc58500fa3d3c0d67233d4a7798134b46b486af1389ca87000c543f46c3d24","Command":" date","Created":1474825873,"Ports":[],"SizeRootFs":126872298,"Labels":{},"State":"created","Status":"Created","HostConfig":{"NetworkMode":"default"},"NetworkSettings":{"Networks":{"bridge":{"IPAMConfig":null,"Links":null,"Aliases":null,"NetworkID":"","EndpointID":"","Gateway":"","IPAddress":"","IPPrefixLen":0,"IPv6Gateway":"","GlobalIPv6Address":"","GlobalIPv6PrefixLen":0,"MacAddress":""}}},"Mounts":[{"Name":"d36f7d7d600e204623683f0aa76d3c0bc03bd2062601e37f259c4ac85043fb45","Source":"/var/lib/docker/volumes/d36f7d7d600e204623683f0aa76d3c0bc03bd2062601e37f259c4ac85043fb45/_data","Destination":"/volumes/data","Driver":"local","Mode":"","RW":true,"Propagation":""}]},{"Id":"ab0643bfd47eea192754595f93aa2645fc311fca874b516954c6aea33c377126","Names":["/happy_poincare"],"Image":"ubuntu","ImageID":"sha256:45bc58500fa3d3c0d67233d4a7798134b46b486af1389ca87000c543f46c3d24","Command":" date","Created":1474825834,"Ports":[],"SizeRootFs":126872298,"Labels":{},"State":"created","Status":"Created","HostConfig":{"NetworkMode":"default"},"NetworkSettings":{"Networks":{"bridge":{"IPAMConfig":null,"Links":null,"Aliases":null,"NetworkID":"","EndpointID":"","Gateway":"","IPAddress":"","IPPrefixLen":0,"IPv6Gateway":"","GlobalIPv6Address":"","GlobalIPv6PrefixLen":0,"MacAddress":""}}},"Mounts":[{"Name":"7e9fb4bad4364f6c054ce05ae5503e13fafaa325a26abe6cc9275feb22c04856","Source":"/var/lib/docker/volumes/7e9fb4bad4364f6c054ce05ae5503e13fafaa325a26abe6cc9275feb22c04856/_data","Destination":"/volumes/data","Driver":"local","Mode":"","RW":true,"Propagation":""}]},{"Id":"7d2f4f953a02c6738ddcfc356dc53b350a4bc4a545fcb6638bda5d47fbdf3e77","Names":["/hopeful_bhabha"],"Image":"ubuntu","ImageID":"sha256:45bc58500fa3d3c0d67233d4a7798134b46b486af1389ca87000c543f46c3d24","Command":" date","Created":1474825792,"Ports":[],"SizeRootFs":126872298,"Labels":{},"State":"created","Status":"Created","HostConfig":{"NetworkMode":"default"},"NetworkSettings":{"Networks":{"bridge":{"IPAMConfig":null,"Links":null,"Aliases":null,"NetworkID":"","EndpointID":"","Gateway":"","IPAddress":"","IPPrefixLen":0,"IPv6Gateway":"","GlobalIPv6Address":"","GlobalIPv6PrefixLen":0,"MacAddress":""}}},"Mounts":[{"Name":"b136db345583026f60a9506fcdb5611d935ce06e6921cc28a5123f381564c461","Source":"/var/lib/docker/volumes/b136db345583026f60a9506fcdb5611d935ce06e6921cc28a5123f381564c461/_data","Destination":"/volumes/data","Driver":"local","Mode":"","RW":true,"Propagation":""}]},{"Id":"0a322d952586ca030384ac58ff6cf5202618e431b9bb976238a553175749194d","Names":["/big_shannon"],"Image":"ubuntu","ImageID":"sha256:45bc58500fa3d3c0d67233d4a7798134b46b486af1389ca87000c543f46c3d24","Command":" date","Created":1474825525,"Ports":[],"SizeRootFs":126872298,"Labels":{},"State":"created","Status":"Created","HostConfig":{"NetworkMode":"default"},"NetworkSettings":{"Networks":{"bridge":{"IPAMConfig":null,"Links":null,"Aliases":null,"NetworkID":"","EndpointID":"","Gateway":"","IPAddress":"","IPPrefixLen":0,"IPv6Gateway":"","GlobalIPv6Address":"","GlobalIPv6PrefixLen":0,"MacAddress":""}}},"Mounts":[{"Name":"015764d6c70975625d4f97dff3bb5833ed18db49cc9e0c6bd45b3c62d03cea68","Source":"/var/lib/docker/volumes/015764d6c70975625d4f97dff3bb5833ed18db49cc9e0c6bd45b3c62d03cea68/_data","Destination":"/volumes/data","Driver":"local","Mode":"","RW":true,"Propagation":""}]},{"Id":"a53be665b515c91a84c01e130d722e34a115b7330d524550663ee7291873a038","Names":["/tender_gates"],"Image":"ubuntu","ImageID":"sha256:45bc58500fa3d3c0d67233d4a7798134b46b486af1389ca87000c543f46c3d24","Command":" date","Created":1474825332,"Ports":[],"SizeRootFs":126872298,"Labels":{},"State":"created","Status":"Created","HostConfig":{"NetworkMode":"default"},"NetworkSettings":{"Networks":{"bridge":{"IPAMConfig":null,"Links":null,"Aliases":null,"NetworkID":"","EndpointID":"","Gateway":"","IPAddress":"","IPPrefixLen":0,"IPv6Gateway":"","GlobalIPv6Address":"","GlobalIPv6PrefixLen":0,"MacAddress":""}}},"Mounts":[{"Name":"de74174dd3f348557b63ebeccd839f2bd3f47e5e0d81f4308349343de2d0c36e","Source":"/var/lib/docker/volumes/de74174dd3f348557b63ebeccd839f2bd3f47e5e0d81f4308349343de2d0c36e/_data","Destination":"/volumes/data","Driver":"local","Mode":"","RW":true,"Propagation":""}]},{"Id":"2a4fddda9fec9a1878f99e53cea7007cf4ae3851956e603519e151a27b2ab36a","Names":["/naughty_almeida"],"Image":"ubuntu","ImageID":"sha256:45bc58500fa3d3c0d67233d4a7798134b46b486af1389ca87000c543f46c3d24","Command":" date","Created":1474824323,"Ports":[],"SizeRootFs":126872298,"Labels":{},"State":"created","Status":"Created","HostConfig":{"NetworkMode":"default"},"NetworkSettings":{"Networks":{"bridge":{"IPAMConfig":null,"Links":null,"Aliases":null,"NetworkID":"","EndpointID":"","Gateway":"","IPAddress":"","IPPrefixLen":0,"IPv6Gateway":"","GlobalIPv6Address":"","GlobalIPv6PrefixLen":0,"MacAddress":""}}},"Mounts":[{"Name":"9d4eef932ce7d3577960e780a2b4f5142b33d53f05f02d23635decf0732a1e3f","Source":"/var/lib/docker/volumes/9d4eef932ce7d3577960e780a2b4f5142b33d53f05f02d23635decf0732a1e3f/_data","Destination":"/volumes/data","Driver":"local","Mode":"","RW":true,"Propagation":""}]},{"Id":"c6698adcd295910d873bf08c8ac0f207174c5fa3dc37b70e72a0ab5684772348","Names":["/registry"],"Image":"registry:2","ImageID":"sha256:541a6732eadb598740116d1f5d18806ea3404aab8710789c9b5c86a53d1945f2","Command":"/entrypoint.sh /etc/docker/registry/config.yml","Created":1474773565,"Ports":[{"IP":"0.0.0.0","PrivatePort":5001,"PublicPort":5001,"Type":"tcp"},{"IP":"0.0.0.0","PrivatePort":5000,"PublicPort":5000,"Type":"tcp"}],"SizeRootFs":33297474,"Labels":{},"State":"running","Status":"Up About an hour","HostConfig":{"NetworkMode":"default"},"NetworkSettings":{"Networks":{"bridge":{"IPAMConfig":null,"Links":null,"Aliases":null,"NetworkID":"2d55235114008acbfcfd699f80ab9d7f9fb286952f91de18446154b6e0fa9a85","EndpointID":"29606141d37f8bddeec70048506877d3d0322cee74083794060f3715931d6cdf","Gateway":"172.17.0.1","IPAddress":"172.17.0.2","IPPrefixLen":16,"IPv6Gateway":"","GlobalIPv6Address":"","GlobalIPv6PrefixLen":0,"MacAddress":"02:42:ac:11:00:02"}}},"Mounts":[{"Source":"/Users/widuu/config.yml","Destination":"/etc/docker/registry/config.yml","Mode":"","RW":true,"Propagation":"rprivate"},{"Source":"/Users/widuu/data","Destination":"/var/lib/registry","Mode":"","RW":true,"Propagation":"rprivate"}]}]

[2016-09-26 02:50:39 setOption]
PATH => /containers/c6698adcd295/export?
PARAMS => array (
)
[2016-09-26 02:50:39 请求数据]
DATA => GET /containers/c6698adcd295/export HTTP/1.0
Host: localhost
Accept: */*


[2016-09-26 02:50:40 接收数据]
DATA => STREAM FILE
